SF:C:\VSO\hydrix\src\Hydrix.Mapper\HydrixMapper.cs
FN:77,TTarget Hydrix.Mapper.HydrixMapper::Map(System.Object)
FNDA:244,TTarget Hydrix.Mapper.HydrixMapper::Map(System.Object)
DA:78,244
DA:80,244
DA:81,244
DA:87,242
DA:88,242
DA:89,242
DA:90,242
DA:91,242
DA:92,233
FN:110,TTarget Hydrix.Mapper.HydrixMapper::Map(TSource)
FNDA:4,TTarget Hydrix.Mapper.HydrixMapper::Map(TSource)
DA:111,4
DA:113,4
DA:114,4
DA:121,3
DA:122,3
DA:123,3
DA:124,3
DA:125,3
DA:126,2
FN:141,System.Collections.Generic.IReadOnlyList`1<TTarget> Hydrix.Mapper.HydrixMapper::MapList(System.Collections.Generic.IEnumerable`1<System.Object>)
FNDA:8,System.Collections.Generic.IReadOnlyList`1<TTarget> Hydrix.Mapper.HydrixMapper::MapList(System.Collections.Generic.IEnumerable`1<System.Object>)
DA:142,8
DA:143,8
DA:144,2
DA:146,6
DA:147,6
DA:148,6
DA:149,6
DA:150,6
DA:152,46
DA:153,14
DA:154,14
DA:155,1
DA:157,13
DA:158,13
DA:159,7
DA:160,7
DA:161,7
DA:162,7
DA:163,7
DA:164,7
DA:166,13
DA:167,13
DA:168,13
DA:169,13
DA:171,6
DA:172,8
BRDA:143,9,0,2
BRDA:143,9,1,6
BRDA:152,150,1,14
BRDA:154,75,1,13
BRDA:158,100,0,7
BRDA:158,100,1,13
BRDA:154,75,0,20
BRDA:152,150,0,6
FN:191,System.Collections.Generic.IReadOnlyList`1<TTarget> Hydrix.Mapper.HydrixMapper::MapList(System.Collections.Generic.IEnumerable`1<TSource>)
FNDA:13,System.Collections.Generic.IReadOnlyList`1<TTarget> Hydrix.Mapper.HydrixMapper::MapList(System.Collections.Generic.IEnumerable`1<TSource>)
DA:192,13
DA:193,13
DA:194,2
DA:196,11
DA:197,11
DA:198,11
DA:199,11
DA:202,11
DA:203,4
DA:204,4
DA:205,4
DA:207,4
DA:208,1
DA:210,3
DA:211,3
DA:212,3
DA:216,7
DA:217,3
DA:218,3
DA:219,1
DA:221,2
DA:222,2
DA:223,2
DA:226,4
DA:227,4
DA:228,4
DA:229,13
BRDA:193,7,0,2
BRDA:193,7,1,11
BRDA:202,73,0,4
BRDA:207,95,0,1
BRDA:207,95,1,3
BRDA:202,73,1,7
BRDA:216,133,0,3
BRDA:218,149,0,1
BRDA:218,149,1,2
BRDA:216,133,1,4
FN:251,Hydrix.Mapper.Plans.MapPlan Hydrix.Mapper.HydrixMapper::GetPlan(System.Type,System.Type)
FNDA:263,Hydrix.Mapper.Plans.MapPlan Hydrix.Mapper.HydrixMapper::GetPlan(System.Type,System.Type)
DA:252,263
DA:253,263
DA:254,263
DA:255,263
DA:257,263
DA:258,263
DA:259,263
DA:260,263
DA:261,263
DA:262,263
DA:263,463
DA:264,463
DA:265,463
DA:266,463
DA:267,255
BRDA:257,61,0,200
BRDA:257,61,1,63
FN:283,System.Collections.Generic.List`1<TTarget> Hydrix.Mapper.HydrixMapper::CreateResultBuffer(System.Collections.Generic.IEnumerable`1<System.Object>)
FNDA:6,System.Collections.Generic.List`1<TTarget> Hydrix.Mapper.HydrixMapper::CreateResultBuffer(System.Collections.Generic.IEnumerable`1<System.Object>)
DA:284,6
DA:285,6
DA:286,4
DA:287,4
DA:288,4
DA:291,2
DA:292,1
DA:293,1
DA:294,1
DA:297,1
DA:298,6
BRDA:285,14,0,4
BRDA:285,14,1,2
BRDA:291,46,0,1
BRDA:291,46,1,1
FN:317,System.Collections.Generic.List`1<TTarget> Hydrix.Mapper.HydrixMapper::CreateResultBuffer(System.Collections.Generic.IEnumerable`1<TSource>)
FNDA:4,System.Collections.Generic.List`1<TTarget> Hydrix.Mapper.HydrixMapper::CreateResultBuffer(System.Collections.Generic.IEnumerable`1<TSource>)
DA:318,4
DA:319,4
DA:320,1
DA:321,1
DA:323,3
DA:324,1
DA:325,1
DA:327,2
DA:328,1
DA:329,1
DA:331,1
DA:332,4
BRDA:319,14,0,1
BRDA:319,14,1,3
BRDA:323,46,0,1
BRDA:323,46,1,2
BRDA:327,78,0,1
BRDA:327,78,1,1
FN:341,System.Collections.Generic.List`1<TTarget> Hydrix.Mapper.HydrixMapper::MapSpan(System.Span`1<TSource>,System.Func`2<TSource,TTarget>)
FNDA:3,System.Collections.Generic.List`1<TTarget> Hydrix.Mapper.HydrixMapper::MapSpan(System.Span`1<TSource>,System.Func`2<TSource,TTarget>)
DA:342,3
DA:343,3
DA:344,3
DA:346,22
DA:347,8
DA:348,8
DA:349,1
DA:351,7
DA:352,7
DA:353,7
DA:354,7
DA:356,3
DA:357,3
BRDA:346,89,1,8
BRDA:348,42,1,7
BRDA:348,42,0,8
BRDA:346,89,0,3
FN:367,System.Collections.Generic.List`1<TTarget> Hydrix.Mapper.HydrixMapper::MapIList(System.Collections.Generic.IList`1<TSource>,System.Func`2<TSource,TTarget>)
FNDA:2,System.Collections.Generic.List`1<TTarget> Hydrix.Mapper.HydrixMapper::MapIList(System.Collections.Generic.IList`1<TSource>,System.Func`2<TSource,TTarget>)
DA:368,2
DA:369,2
DA:370,2
DA:371,2
DA:373,14
DA:374,5
DA:375,5
DA:376,5
DA:377,1
DA:379,4
DA:380,4
DA:381,4
DA:382,4
DA:384,2
DA:385,2
BRDA:373,72,1,5
BRDA:376,41,1,4
BRDA:376,41,0,5
BRDA:373,72,0,2
FN:393,System.Collections.Generic.List`1<TTarget> Hydrix.Mapper.HydrixMapper::MapEnumerable(System.Collections.Generic.IEnumerable`1<TSource>,System.Func`2<TSource,TTarget>)
FNDA:4,System.Collections.Generic.List`1<TTarget> Hydrix.Mapper.HydrixMapper::MapEnumerable(System.Collections.Generic.IEnumerable`1<TSource>,System.Func`2<TSource,TTarget>)
DA:394,4
DA:395,4
DA:396,4
DA:398,28
DA:399,8
DA:400,8
DA:401,1
DA:403,7
DA:404,7
DA:405,7
DA:406,7
DA:408,4
DA:409,4
BRDA:398,62,1,8
BRDA:400,37,1,7
BRDA:400,37,0,12
BRDA:398,62,0,4
FN:41,System.Void Hydrix.Mapper.HydrixMapper::.ctor(Hydrix.Mapper.Configuration.HydrixMapperOptions)
FNDA:203,System.Void Hydrix.Mapper.HydrixMapper::.ctor(Hydrix.Mapper.Configuration.HydrixMapperOptions)
DA:42,203
DA:43,203
DA:51,203
DA:52,203
DA:53,203
DA:55,203
DA:56,202
DA:62,202
FN:456,System.Boolean Hydrix.Mapper.HydrixMapper/TypePair::Equals(Hydrix.Mapper.HydrixMapper/TypePair)
FNDA:76,System.Boolean Hydrix.Mapper.HydrixMapper/TypePair::Equals(Hydrix.Mapper.HydrixMapper/TypePair)
DA:457,76
DA:458,76
BRDA:457,17,0,75
BRDA:457,17,1,1
FN:471,System.Boolean Hydrix.Mapper.HydrixMapper/TypePair::Equals(System.Object)
FNDA:2,System.Boolean Hydrix.Mapper.HydrixMapper/TypePair::Equals(System.Object)
DA:472,2
DA:473,2
BRDA:472,6,0,1
BRDA:472,6,1,1
FN:481,System.Int32 Hydrix.Mapper.HydrixMapper/TypePair::GetHashCode()
FNDA:463,System.Int32 Hydrix.Mapper.HydrixMapper/TypePair::GetHashCode()
DA:482,463
DA:484,463
DA:485,463
DA:487,463
FN:439,System.Void Hydrix.Mapper.HydrixMapper/TypePair::.ctor(System.Type,System.Type)
FNDA:270,System.Void Hydrix.Mapper.HydrixMapper/TypePair::.ctor(System.Type,System.Type)
DA:440,270
DA:441,270
DA:442,270
DA:443,270
LF:170
LH:170
BRF:46
BRH:46
FNF:15
FNH:15
end_of_record
SF:C:\VSO\hydrix\src\Hydrix.Mapper\Plans\MapPlan.cs
FN:41,System.Void Hydrix.Mapper.Plans.MapPlan::.ctor(System.Func`2<System.Object,System.Object>,System.Delegate)
FNDA:164,System.Void Hydrix.Mapper.Plans.MapPlan::.ctor(System.Func`2<System.Object,System.Object>,System.Delegate)
DA:42,164
DA:43,164
DA:44,164
DA:45,164
DA:46,164
DA:47,164
DA:48,164
LF:7
LH:7
BRF:0
BRH:0
FNF:1
FNH:1
end_of_record
SF:C:\VSO\hydrix\src\Hydrix.Mapper\Internals\NestedCollectionHelper.cs
FN:31,System.Collections.Generic.List`1<TDest> Hydrix.Mapper.Internals.NestedCollectionHelper::MapList(System.Collections.Generic.IEnumerable`1<TSrc>,System.Func`2<TSrc,TDest>)
FNDA:7,System.Collections.Generic.List`1<TDest> Hydrix.Mapper.Internals.NestedCollectionHelper::MapList(System.Collections.Generic.IEnumerable`1<TSrc>,System.Func`2<TSrc,TDest>)
DA:32,7
DA:33,7
DA:34,2
DA:36,5
DA:37,5
DA:38,5
DA:40,35
DA:41,10
DA:42,10
DA:43,9
DA:44,10
DA:46,5
DA:47,7
BRDA:33,7,0,2
BRDA:33,7,1,5
BRDA:36,21,0,1
BRDA:36,21,1,4
BRDA:40,102,1,10
BRDA:42,77,0,9
BRDA:42,77,1,10
BRDA:40,102,0,5
LF:13
LH:13
BRF:8
BRH:8
FNF:1
FNH:1
end_of_record
SF:C:\VSO\hydrix\src\Hydrix.Mapper\Extensions\MapperExtensions.cs
FN:25,TTarget Hydrix.Mapper.Extensions.MapperExtensions::ToDto(System.Object)
FNDA:7,TTarget Hydrix.Mapper.Extensions.MapperExtensions::ToDto(System.Object)
DA:26,7
DA:28,7
DA:29,7
DA:35,6
DA:36,6
DA:37,6
FN:56,TTarget Hydrix.Mapper.Extensions.MapperExtensions::ToDto(TSource)
FNDA:2,TTarget Hydrix.Mapper.Extensions.MapperExtensions::ToDto(TSource)
DA:57,2
DA:58,2
DA:59,1
DA:60,1
DA:62,1
DA:63,1
DA:64,1
BRDA:58,12,0,1
BRDA:58,12,1,1
FN:80,System.Collections.Generic.IReadOnlyList`1<TTarget> Hydrix.Mapper.Extensions.MapperExtensions::ToDtoList(System.Collections.Generic.IEnumerable`1<System.Object>)
FNDA:2,System.Collections.Generic.IReadOnlyList`1<TTarget> Hydrix.Mapper.Extensions.MapperExtensions::ToDtoList(System.Collections.Generic.IEnumerable`1<System.Object>)
DA:81,2
DA:82,2
FN:101,System.Collections.Generic.IReadOnlyList`1<TTarget> Hydrix.Mapper.Extensions.MapperExtensions::ToDtoList(System.Collections.Generic.IEnumerable`1<TSource>)
FNDA:2,System.Collections.Generic.IReadOnlyList`1<TTarget> Hydrix.Mapper.Extensions.MapperExtensions::ToDtoList(System.Collections.Generic.IEnumerable`1<TSource>)
DA:102,2
DA:103,2
LF:17
LH:17
BRF:2
BRH:2
FNF:4
FNH:4
end_of_record
SF:C:\VSO\hydrix\src\Hydrix.Mapper\DependencyInjection\HydrixMapperServiceCollectionExtensions.cs
FN:28,Microsoft.Extensions.DependencyInjection.IServiceCollection Hydrix.Mapper.DependencyInjection.HydrixMapperServiceCollectionExtensions::AddHydrixMapper(Microsoft.Extensions.DependencyInjection.IServiceCollection,System.Action`1<Hydrix.Mapper.Configuration.HydrixMapperOptions>)
FNDA:8,Microsoft.Extensions.DependencyInjection.IServiceCollection Hydrix.Mapper.DependencyInjection.HydrixMapperServiceCollectionExtensions::AddHydrixMapper(Microsoft.Extensions.DependencyInjection.IServiceCollection,System.Action`1<Hydrix.Mapper.Configuration.HydrixMapperOptions>)
DA:29,8
DA:31,8
DA:32,8
DA:38,7
DA:39,7
DA:40,7
DA:42,7
DA:43,7
DA:45,7
DA:46,7
DA:47,7
DA:48,7
DA:50,7
DA:51,7
BRDA:39,20,1,5
BRDA:39,20,0,7
LF:14
LH:14
BRF:2
BRH:2
FNF:1
FNH:1
end_of_record
SF:C:\VSO\hydrix\src\Hydrix.Mapper\Converters\ConverterFactory.cs
FN:223,System.Linq.Expressions.Expression Hydrix.Mapper.Converters.ConverterFactory::BuildConversionExpression(System.Linq.Expressions.Expression,System.Type,System.Type,Hydrix.Mapper.Configuration.HydrixMapperOptions,Hydrix.Mapper.Attributes.MapConversionAttribute)
FNDA:576,System.Linq.Expressions.Expression Hydrix.Mapper.Converters.ConverterFactory::BuildConversionExpression(System.Linq.Expressions.Expression,System.Type,System.Type,Hydrix.Mapper.Configuration.HydrixMapperOptions,Hydrix.Mapper.Attributes.MapConversionAttribute)
DA:224,576
DA:225,576
DA:226,576
DA:227,576
DA:228,576
DA:229,576
DA:230,576
DA:231,576
DA:233,576
DA:234,576
DA:235,576
DA:236,576
DA:237,576
DA:239,576
DA:240,576
DA:241,576
DA:242,576
DA:243,576
DA:244,576
DA:245,526
DA:246,526
DA:247,526
DA:248,526
DA:249,526
DA:251,526
DA:252,16
DA:253,16
DA:254,16
DA:255,16
DA:256,16
DA:257,16
DA:258,16
DA:259,16
DA:260,16
DA:261,16
DA:264,510
DA:265,202
DA:268,202
DA:269,202
DA:270,202
DA:271,158
DA:273,44
DA:274,44
DA:275,44
DA:276,44
DA:277,44
DA:278,44
DA:279,44
DA:280,44
DA:281,44
DA:282,44
DA:283,44
DA:286,308
DA:287,526
BRDA:225,8,0,560
BRDA:225,8,1,576
BRDA:227,20,0,572
BRDA:227,20,1,576
BRDA:233,53,0,560
BRDA:233,53,1,16
BRDA:245,86,0,522
BRDA:245,86,1,4
BRDA:251,107,0,16
BRDA:251,107,1,510
BRDA:264,152,0,202
BRDA:268,165,0,158
BRDA:268,165,1,44
BRDA:264,152,1,308
FN:303,System.Linq.Expressions.Expression Hydrix.Mapper.Converters.ConverterFactory::BuildCoreConversion(System.Linq.Expressions.Expression,System.Type,System.Type,Hydrix.Mapper.Configuration.HydrixMapperOptions,Hydrix.Mapper.Attributes.MapConversionAttribute)
FNDA:576,System.Linq.Expressions.Expression Hydrix.Mapper.Converters.ConverterFactory::BuildCoreConversion(System.Linq.Expressions.Expression,System.Type,System.Type,Hydrix.Mapper.Configuration.HydrixMapperOptions,Hydrix.Mapper.Attributes.MapConversionAttribute)
DA:304,576
DA:305,576
DA:306,382
DA:307,382
DA:308,382
DA:309,382
DA:310,382
DA:311,382
DA:312,382
DA:314,194
DA:315,84
DA:316,84
DA:317,84
DA:318,84
DA:319,84
DA:321,110
DA:322,2
DA:323,2
DA:324,2
DA:326,108
DA:327,2
DA:328,2
DA:329,2
DA:331,106
DA:332,54
DA:333,54
DA:334,54
DA:335,54
DA:336,54
DA:337,54
DA:339,52
DA:340,2
DA:341,2
DA:342,2
DA:343,2
DA:344,2
DA:345,2
DA:347,50
DA:348,50
DA:349,50
DA:350,526
BRDA:305,10,0,382
BRDA:306,28,0,180
BRDA:306,28,1,202
BRDA:305,10,1,194
BRDA:314,71,0,84
BRDA:314,71,1,110
BRDA:321,95,0,2
BRDA:321,95,1,108
BRDA:321,108,0,2
BRDA:321,108,1,108
BRDA:326,129,0,2
BRDA:326,129,1,106
BRDA:326,144,0,2
BRDA:326,144,1,106
BRDA:331,165,0,54
BRDA:331,165,1,52
BRDA:331,180,0,54
BRDA:331,180,1,52
BRDA:339,205,0,2
BRDA:339,205,1,50
BRDA:339,220,0,2
BRDA:339,220,1,50
FN:364,System.Linq.Expressions.Expression Hydrix.Mapper.Converters.ConverterFactory::BuildToStringConversion(System.Linq.Expressions.Expression,System.Type,Hydrix.Mapper.Configuration.HydrixMapperOptions,Hydrix.Mapper.Attributes.MapConversionAttribute)
FNDA:85,System.Linq.Expressions.Expression Hydrix.Mapper.Converters.ConverterFactory::BuildToStringConversion(System.Linq.Expressions.Expression,System.Type,Hydrix.Mapper.Configuration.HydrixMapperOptions,Hydrix.Mapper.Attributes.MapConversionAttribute)
DA:365,85
DA:366,85
DA:367,22
DA:368,22
DA:369,22
DA:370,22
DA:371,22
DA:372,22
DA:373,22
DA:374,22
DA:376,63
DA:377,24
DA:378,24
DA:379,24
DA:380,24
DA:382,39
DA:383,8
DA:384,8
DA:385,8
DA:386,8
DA:389,31
DA:390,4
DA:391,4
DA:392,4
DA:393,4
DA:396,27
DA:397,24
DA:398,24
DA:399,24
DA:400,24
DA:402,3
DA:403,2
DA:404,2
DA:405,2
DA:406,2
DA:407,2
DA:409,1
DA:410,1
DA:411,1
DA:412,84
BRDA:366,19,0,22
BRDA:366,19,1,63
BRDA:376,65,0,24
BRDA:376,65,1,39
BRDA:382,99,0,8
BRDA:382,99,1,31
BRDA:389,135,0,4
BRDA:389,135,1,27
BRDA:396,168,0,24
BRDA:396,168,1,3
BRDA:402,191,0,2
BRDA:402,191,1,1
FN:422,System.Linq.Expressions.Expression Hydrix.Mapper.Converters.ConverterFactory::BuildStringTransform(System.Linq.Expressions.Expression,Hydrix.Mapper.Primitives.StringTransforms)
FNDA:202,System.Linq.Expressions.Expression Hydrix.Mapper.Converters.ConverterFactory::BuildStringTransform(System.Linq.Expressions.Expression,Hydrix.Mapper.Primitives.StringTransforms)
DA:423,202
DA:424,202
DA:425,158
DA:427,44
DA:429,44
DA:430,14
DA:431,14
DA:432,14
DA:433,14
DA:434,14
DA:435,30
DA:436,4
DA:437,4
DA:438,4
DA:439,4
DA:440,4
DA:441,26
DA:442,4
DA:443,4
DA:444,4
DA:445,4
DA:446,4
DA:448,44
DA:449,18
DA:450,18
DA:451,18
DA:452,18
DA:453,18
DA:454,26
DA:455,14
DA:456,14
DA:457,14
DA:458,14
DA:459,14
DA:461,44
DA:462,202
BRDA:424,7,0,158
BRDA:424,7,1,44
BRDA:429,26,0,14
BRDA:429,26,1,30
BRDA:435,54,0,4
BRDA:435,54,1,26
BRDA:441,82,0,4
BRDA:441,82,1,44
BRDA:448,108,0,18
BRDA:448,108,1,26
BRDA:454,137,0,14
BRDA:454,137,1,44
FN:474,System.Linq.Expressions.MethodCallExpression Hydrix.Mapper.Converters.ConverterFactory::BuildGuidToString(System.Linq.Expressions.Expression,Hydrix.Mapper.Primitives.GuidFormat,Hydrix.Mapper.Primitives.GuidCase)
FNDA:22,System.Linq.Expressions.MethodCallExpression Hydrix.Mapper.Converters.ConverterFactory::BuildGuidToString(System.Linq.Expressions.Expression,Hydrix.Mapper.Primitives.GuidFormat,Hydrix.Mapper.Primitives.GuidCase)
DA:475,22
DA:476,22
DA:477,22
DA:478,4
DA:479,4
DA:480,4
DA:481,10
DA:482,22
DA:484,22
DA:485,22
DA:486,22
DA:487,22
DA:488,22
DA:490,22
DA:491,22
DA:492,22
DA:493,22
DA:494,22
DA:495,22
BRDA:476,8,1,4
BRDA:476,8,2,4
BRDA:476,8,3,4
BRDA:476,8,0,10
BRDA:490,94,0,18
BRDA:490,94,1,4
FN:507,System.Linq.Expressions.MethodCallExpression Hydrix.Mapper.Converters.ConverterFactory::BuildDateTimeToString(System.Linq.Expressions.Expression,Hydrix.Mapper.Configuration.HydrixMapperOptions,Hydrix.Mapper.Attributes.MapConversionAttribute)
FNDA:24,System.Linq.Expressions.MethodCallExpression Hydrix.Mapper.Converters.ConverterFactory::BuildDateTimeToString(System.Linq.Expressions.Expression,Hydrix.Mapper.Configuration.HydrixMapperOptions,Hydrix.Mapper.Attributes.MapConversionAttribute)
DA:508,24
DA:509,24
DA:510,24
DA:511,24
DA:512,24
DA:514,24
DA:515,4
DA:516,4
DA:517,4
DA:518,4
DA:519,4
DA:520,20
DA:521,2
DA:522,2
DA:523,2
DA:524,2
DA:525,2
DA:527,24
DA:528,24
DA:529,24
DA:530,24
DA:531,24
DA:532,24
DA:533,24
DA:534,24
DA:535,24
DA:536,24
BRDA:514,38,0,4
BRDA:514,38,1,20
BRDA:520,64,0,2
BRDA:520,64,1,24
FN:548,System.Linq.Expressions.MethodCallExpression Hydrix.Mapper.Converters.ConverterFactory::BuildDateTimeOffsetToString(System.Linq.Expressions.Expression,Hydrix.Mapper.Configuration.HydrixMapperOptions,Hydrix.Mapper.Attributes.MapConversionAttribute)
FNDA:8,System.Linq.Expressions.MethodCallExpression Hydrix.Mapper.Converters.ConverterFactory::BuildDateTimeOffsetToString(System.Linq.Expressions.Expression,Hydrix.Mapper.Configuration.HydrixMapperOptions,Hydrix.Mapper.Attributes.MapConversionAttribute)
DA:549,8
DA:550,8
DA:551,8
DA:552,8
DA:553,8
DA:555,8
DA:556,2
DA:557,2
DA:558,2
DA:559,2
DA:560,2
DA:561,6
DA:562,2
DA:563,2
DA:564,2
DA:565,2
DA:566,2
DA:568,8
DA:569,8
DA:570,8
DA:571,8
DA:572,8
DA:573,8
DA:574,8
DA:575,8
DA:576,8
DA:577,8
BRDA:555,38,0,2
BRDA:555,38,1,6
BRDA:561,64,0,2
BRDA:561,64,1,8
FN:591,System.Linq.Expressions.MethodCallExpression Hydrix.Mapper.Converters.ConverterFactory::BuildDateOnlyToString(System.Linq.Expressions.Expression,Hydrix.Mapper.Configuration.HydrixMapperOptions,Hydrix.Mapper.Attributes.MapConversionAttribute)
FNDA:6,System.Linq.Expressions.MethodCallExpression Hydrix.Mapper.Converters.ConverterFactory::BuildDateOnlyToString(System.Linq.Expressions.Expression,Hydrix.Mapper.Configuration.HydrixMapperOptions,Hydrix.Mapper.Attributes.MapConversionAttribute)
DA:592,6
DA:593,6
DA:594,6
DA:595,6
DA:597,6
DA:598,6
DA:599,6
DA:600,6
DA:601,6
DA:602,6
DA:603,6
DA:604,6
DA:605,6
DA:606,6
FN:620,System.Linq.Expressions.ConditionalExpression Hydrix.Mapper.Converters.ConverterFactory::BuildBoolToString(System.Linq.Expressions.Expression,Hydrix.Mapper.Configuration.HydrixMapperOptions,Hydrix.Mapper.Attributes.MapConversionAttribute)
FNDA:24,System.Linq.Expressions.ConditionalExpression Hydrix.Mapper.Converters.ConverterFactory::BuildBoolToString(System.Linq.Expressions.Expression,Hydrix.Mapper.Configuration.HydrixMapperOptions,Hydrix.Mapper.Attributes.MapConversionAttribute)
DA:621,24
DA:626,24
DA:627,8
DA:628,8
DA:629,8
DA:630,8
DA:631,8
DA:633,16
DA:634,16
DA:635,16
DA:636,16
DA:637,16
DA:639,24
DA:640,24
DA:641,24
DA:642,24
DA:643,24
DA:644,24
DA:645,24
DA:646,24
DA:647,24
DA:648,24
DA:649,24
BRDA:626,2,0,8
BRDA:626,2,1,16
BRDA:626,17,0,8
BRDA:626,17,1,16
FN:661,System.ValueTuple`2<System.String,System.String> Hydrix.Mapper.Converters.ConverterFactory::ResolveBoolStrings(Hydrix.Mapper.Primitives.BoolStringFormat,System.String,System.String)
FNDA:24,System.ValueTuple`2<System.String,System.String> Hydrix.Mapper.Converters.ConverterFactory::ResolveBoolStrings(Hydrix.Mapper.Primitives.BoolStringFormat,System.String,System.String)
DA:662,24
DA:663,24
DA:664,24
DA:665,4
DA:666,2
DA:667,4
DA:668,4
DA:669,2
DA:670,6
DA:671,2
DA:672,24
DA:673,24
BRDA:663,8,1,4
BRDA:663,8,2,2
BRDA:663,8,3,4
BRDA:663,8,4,4
BRDA:663,8,5,2
BRDA:663,8,6,6
BRDA:670,131,0,2
BRDA:670,131,1,6
BRDA:670,141,0,2
BRDA:670,141,1,6
BRDA:663,8,0,2
FN:689,System.Linq.Expressions.UnaryExpression Hydrix.Mapper.Converters.ConverterFactory::BuildDecimalToInteger(System.Linq.Expressions.Expression,System.Type,System.Type,Hydrix.Mapper.Configuration.HydrixMapperOptions,Hydrix.Mapper.Attributes.MapConversionAttribute)
FNDA:54,System.Linq.Expressions.UnaryExpression Hydrix.Mapper.Converters.ConverterFactory::BuildDecimalToInteger(System.Linq.Expressions.Expression,System.Type,System.Type,Hydrix.Mapper.Configuration.HydrixMapperOptions,Hydrix.Mapper.Attributes.MapConversionAttribute)
DA:690,54
DA:691,54
DA:692,54
DA:693,54
DA:694,54
DA:695,54
DA:696,54
DA:698,54
DA:699,34
DA:700,34
DA:701,34
DA:702,34
DA:704,34
DA:705,2
DA:706,2
DA:707,2
DA:708,2
DA:711,32
DA:712,32
DA:713,32
DA:714,32
DA:715,32
DA:716,32
DA:717,32
DA:720,20
DA:721,20
DA:722,20
DA:723,20
DA:724,20
DA:725,20
DA:726,20
DA:727,20
DA:729,20
DA:730,8
DA:731,8
DA:732,8
DA:733,8
DA:736,12
DA:737,12
DA:738,12
DA:739,12
DA:740,12
DA:741,12
DA:742,12
DA:743,54
BRDA:698,39,0,34
BRDA:704,59,0,2
BRDA:704,59,1,32
BRDA:698,39,1,20
BRDA:720,125,0,2
BRDA:720,125,1,18
BRDA:729,163,0,8
BRDA:729,163,1,12
FN:753,System.Linq.Expressions.MethodCallExpression Hydrix.Mapper.Converters.ConverterFactory::ApplyDecimalRounding(System.Linq.Expressions.Expression,Hydrix.Mapper.Primitives.NumericRounding)
FNDA:34,System.Linq.Expressions.MethodCallExpression Hydrix.Mapper.Converters.ConverterFactory::ApplyDecimalRounding(System.Linq.Expressions.Expression,Hydrix.Mapper.Primitives.NumericRounding)
DA:754,34
DA:755,34
DA:756,34
DA:757,6
DA:758,6
DA:759,6
DA:760,4
DA:761,4
DA:762,4
DA:763,6
DA:764,6
DA:765,6
DA:766,6
DA:767,6
DA:768,4
DA:769,4
DA:770,4
DA:771,4
DA:772,4
DA:773,14
DA:774,14
DA:775,14
DA:776,34
DA:777,34
BRDA:755,8,1,6
BRDA:755,8,2,4
BRDA:755,8,3,6
BRDA:755,8,4,4
BRDA:755,8,0,14
FN:787,System.Linq.Expressions.MethodCallExpression Hydrix.Mapper.Converters.ConverterFactory::ApplyDoubleRounding(System.Linq.Expressions.Expression,Hydrix.Mapper.Primitives.NumericRounding)
FNDA:20,System.Linq.Expressions.MethodCallExpression Hydrix.Mapper.Converters.ConverterFactory::ApplyDoubleRounding(System.Linq.Expressions.Expression,Hydrix.Mapper.Primitives.NumericRounding)
DA:788,20
DA:789,20
DA:790,20
DA:791,2
DA:792,2
DA:793,2
DA:794,2
DA:795,2
DA:796,2
DA:797,2
DA:798,2
DA:799,2
DA:800,2
DA:801,2
DA:802,2
DA:803,2
DA:804,2
DA:805,2
DA:806,2
DA:807,12
DA:808,12
DA:809,12
DA:810,20
DA:811,20
BRDA:789,8,1,2
BRDA:789,8,2,2
BRDA:789,8,3,2
BRDA:789,8,4,2
BRDA:789,8,0,12
FN:823,System.Linq.Expressions.UnaryExpression Hydrix.Mapper.Converters.ConverterFactory::BuildNumericCast(System.Linq.Expressions.Expression,System.Type,Hydrix.Mapper.Primitives.NumericOverflow)
FNDA:48,System.Linq.Expressions.UnaryExpression Hydrix.Mapper.Converters.ConverterFactory::BuildNumericCast(System.Linq.Expressions.Expression,System.Type,Hydrix.Mapper.Primitives.NumericOverflow)
DA:824,48
DA:825,48
DA:828,6
DA:829,6
DA:830,6
DA:833,2
DA:834,2
DA:835,2
DA:838,40
DA:839,40
DA:840,40
DA:842,48
BRDA:825,6,0,42
BRDA:825,6,1,6
BRDA:825,12,1,2
BRDA:825,12,0,40
FN:852,System.Linq.Expressions.UnaryExpression Hydrix.Mapper.Converters.ConverterFactory::BuildClampedCast(System.Linq.Expressions.Expression,System.Type)
FNDA:15,System.Linq.Expressions.UnaryExpression Hydrix.Mapper.Converters.ConverterFactory::BuildClampedCast(System.Linq.Expressions.Expression,System.Type)
DA:853,15
DA:854,15
DA:855,15
DA:856,15
DA:857,15
DA:859,15
DA:860,2
DA:861,2
DA:862,2
DA:863,2
DA:864,2
DA:865,2
DA:866,2
DA:867,2
DA:868,2
DA:869,2
DA:870,2
DA:871,2
DA:872,2
DA:875,13
DA:876,2
DA:877,2
DA:878,2
DA:879,2
DA:880,2
DA:881,2
DA:882,2
DA:883,2
DA:884,2
DA:885,2
DA:886,2
DA:889,11
DA:890,11
DA:891,11
DA:892,11
DA:893,11
DA:894,11
DA:895,11
DA:896,11
DA:897,11
DA:898,11
DA:899,11
DA:900,11
DA:901,11
DA:902,11
DA:903,15
BRDA:859,38,0,2
BRDA:859,38,1,13
BRDA:875,126,0,2
BRDA:875,126,1,11
BRDA:889,202,0,1
BRDA:889,202,1,10
FN:915,System.Int64 Hydrix.Mapper.Converters.ConverterFactory::ClampDecimalToLong(System.Decimal,System.Int64,System.Int64)
FNDA:3,System.Int64 Hydrix.Mapper.Converters.ConverterFactory::ClampDecimalToLong(System.Decimal,System.Int64,System.Int64)
DA:916,3
DA:917,3
DA:918,1
DA:920,2
DA:921,1
DA:923,1
DA:924,3
BRDA:917,15,0,1
BRDA:917,15,1,2
BRDA:920,35,0,1
BRDA:920,35,1,1
FN:936,System.Int64 Hydrix.Mapper.Converters.ConverterFactory::ClampDoubleToLong(System.Double,System.Int64,System.Int64)
FNDA:8,System.Int64 Hydrix.Mapper.Converters.ConverterFactory::ClampDoubleToLong(System.Double,System.Int64,System.Int64)
DA:937,8
DA:938,8
DA:939,1
DA:941,7
DA:942,4
DA:944,3
DA:945,2
DA:947,1
DA:948,8
BRDA:938,9,0,1
BRDA:938,9,1,7
BRDA:941,26,0,4
BRDA:941,26,1,3
BRDA:944,42,0,2
BRDA:944,42,1,1
FN:958,Hydrix.Mapper.Primitives.StringTransforms Hydrix.Mapper.Converters.ConverterFactory::ResolveStringTransform(Hydrix.Mapper.Configuration.HydrixMapperOptions,Hydrix.Mapper.Attributes.MapConversionAttribute)
FNDA:203,Hydrix.Mapper.Primitives.StringTransforms Hydrix.Mapper.Converters.ConverterFactory::ResolveStringTransform(Hydrix.Mapper.Configuration.HydrixMapperOptions,Hydrix.Mapper.Attributes.MapConversionAttribute)
DA:959,203
DA:960,203
DA:961,18
DA:963,185
DA:964,203
BRDA:960,2,0,19
BRDA:960,10,0,1
BRDA:960,10,1,18
BRDA:960,2,1,184
BRDA:960,29,0,18
BRDA:960,29,1,185
FN:974,Hydrix.Mapper.Primitives.GuidFormat Hydrix.Mapper.Converters.ConverterFactory::ResolveGuidFormat(Hydrix.Mapper.Configuration.HydrixMapperOptions,Hydrix.Mapper.Attributes.MapConversionAttribute)
FNDA:22,Hydrix.Mapper.Primitives.GuidFormat Hydrix.Mapper.Converters.ConverterFactory::ResolveGuidFormat(Hydrix.Mapper.Configuration.HydrixMapperOptions,Hydrix.Mapper.Attributes.MapConversionAttribute)
DA:975,22
DA:976,22
DA:977,10
DA:979,12
DA:980,22
BRDA:976,2,0,10
BRDA:976,2,1,12
BRDA:976,15,0,10
BRDA:976,15,1,12
FN:990,Hydrix.Mapper.Primitives.GuidCase Hydrix.Mapper.Converters.ConverterFactory::ResolveGuidCase(Hydrix.Mapper.Configuration.HydrixMapperOptions,Hydrix.Mapper.Attributes.MapConversionAttribute)
FNDA:22,Hydrix.Mapper.Primitives.GuidCase Hydrix.Mapper.Converters.ConverterFactory::ResolveGuidCase(Hydrix.Mapper.Configuration.HydrixMapperOptions,Hydrix.Mapper.Attributes.MapConversionAttribute)
DA:991,22
DA:992,22
DA:993,10
DA:995,12
DA:996,22
BRDA:992,2,0,10
BRDA:992,2,1,12
BRDA:992,15,0,10
BRDA:992,15,1,12
FN:1006,Hydrix.Mapper.Primitives.NumericRounding Hydrix.Mapper.Converters.ConverterFactory::ResolveRounding(Hydrix.Mapper.Configuration.HydrixMapperOptions,Hydrix.Mapper.Attributes.MapConversionAttribute)
FNDA:54,Hydrix.Mapper.Primitives.NumericRounding Hydrix.Mapper.Converters.ConverterFactory::ResolveRounding(Hydrix.Mapper.Configuration.HydrixMapperOptions,Hydrix.Mapper.Attributes.MapConversionAttribute)
DA:1007,54
DA:1008,54
DA:1009,20
DA:1011,34
DA:1012,54
BRDA:1008,2,0,20
BRDA:1008,2,1,34
BRDA:1008,15,0,20
BRDA:1008,15,1,34
FN:1022,Hydrix.Mapper.Primitives.NumericOverflow Hydrix.Mapper.Converters.ConverterFactory::ResolveOverflow(Hydrix.Mapper.Configuration.HydrixMapperOptions,Hydrix.Mapper.Attributes.MapConversionAttribute)
FNDA:56,Hydrix.Mapper.Primitives.NumericOverflow Hydrix.Mapper.Converters.ConverterFactory::ResolveOverflow(Hydrix.Mapper.Configuration.HydrixMapperOptions,Hydrix.Mapper.Attributes.MapConversionAttribute)
DA:1023,56
DA:1024,56
DA:1025,20
DA:1027,36
DA:1028,56
BRDA:1024,2,0,20
BRDA:1024,2,1,36
BRDA:1024,15,0,20
BRDA:1024,15,1,36
FN:1038,System.ValueTuple`3<System.String,Hydrix.Mapper.Primitives.DateTimeZone,System.String> Hydrix.Mapper.Converters.ConverterFactory::ResolveDateTimeParams(Hydrix.Mapper.Configuration.HydrixMapperOptions,Hydrix.Mapper.Attributes.MapConversionAttribute)
FNDA:39,System.ValueTuple`3<System.String,Hydrix.Mapper.Primitives.DateTimeZone,System.String> Hydrix.Mapper.Converters.ConverterFactory::ResolveDateTimeParams(Hydrix.Mapper.Configuration.HydrixMapperOptions,Hydrix.Mapper.Attributes.MapConversionAttribute)
DA:1039,39
DA:1040,39
DA:1041,12
DA:1042,12
DA:1043,12
DA:1044,12
DA:1045,12
DA:1048,27
DA:1049,27
DA:1050,27
DA:1051,27
DA:1052,39
BRDA:1040,2,0,13
BRDA:1040,2,1,26
BRDA:1040,15,0,12
BRDA:1042,25,0,4
BRDA:1042,40,0,1
BRDA:1042,25,1,12
BRDA:1042,40,1,12
BRDA:1042,61,0,8
BRDA:1042,76,0,1
BRDA:1042,61,1,12
BRDA:1042,76,1,12
BRDA:1040,15,1,27
BRDA:1048,104,0,2
BRDA:1048,104,1,27
BRDA:1048,135,0,2
BRDA:1048,135,1,27
FN:1060,System.Globalization.CultureInfo Hydrix.Mapper.Converters.ConverterFactory::ResolveCulture(System.String)
FNDA:38,System.Globalization.CultureInfo Hydrix.Mapper.Converters.ConverterFactory::ResolveCulture(System.String)
DA:1061,38
DA:1062,38
DA:1063,30
DA:1065,8
DA:1066,8
DA:1067,38
BRDA:1062,9,0,30
BRDA:1062,9,1,8
FN:1075,System.Boolean Hydrix.Mapper.Converters.ConverterFactory::IsIntegerType(System.Type)
FNDA:112,System.Boolean Hydrix.Mapper.Converters.ConverterFactory::IsIntegerType(System.Type)
DA:1076,112
DA:1077,112
DA:1078,112
DA:1079,112
DA:1080,112
DA:1081,112
DA:1082,112
DA:1083,112
BRDA:1076,16,0,64
BRDA:1076,34,0,62
BRDA:1076,52,0,62
BRDA:1076,70,0,60
BRDA:1076,88,0,58
BRDA:1076,106,0,56
BRDA:1076,124,0,54
BRDA:1076,16,1,58
BRDA:1076,34,1,58
BRDA:1076,52,1,58
BRDA:1076,70,1,58
BRDA:1076,88,1,58
BRDA:1076,106,1,58
BRDA:1076,124,1,58
FN:1091,System.Boolean Hydrix.Mapper.Converters.ConverterFactory::IsDecimalFloatType(System.Type)
FNDA:158,System.Boolean Hydrix.Mapper.Converters.ConverterFactory::IsDecimalFloatType(System.Type)
DA:1092,158
DA:1093,158
DA:1094,158
BRDA:1092,16,0,122
BRDA:1092,34,0,104
BRDA:1092,16,1,54
BRDA:1092,34,1,54
FN:1102,System.Boolean Hydrix.Mapper.Converters.ConverterFactory::IsNumericType(System.Type)
FNDA:54,System.Boolean Hydrix.Mapper.Converters.ConverterFactory::IsNumericType(System.Type)
DA:1103,54
DA:1104,54
DA:1105,54
BRDA:1103,6,0,52
BRDA:1103,6,1,2
FN:1113,System.Int64 Hydrix.Mapper.Converters.ConverterFactory::GetMinLong(System.Type)
FNDA:15,System.Int64 Hydrix.Mapper.Converters.ConverterFactory::GetMinLong(System.Type)
DA:1114,15
DA:1115,15
DA:1116,3
DA:1117,12
DA:1118,1
DA:1119,11
DA:1120,2
DA:1121,9
DA:1122,2
DA:1123,7
DA:1124,2
DA:1125,5
DA:1126,2
DA:1127,3
DA:1128,2
DA:1130,1
DA:1131,15
BRDA:1115,19,0,3
BRDA:1115,19,1,12
BRDA:1117,51,0,1
BRDA:1117,51,1,11
BRDA:1119,83,0,2
BRDA:1119,83,1,9
BRDA:1121,110,0,2
BRDA:1121,110,1,7
BRDA:1123,138,0,2
BRDA:1123,138,1,5
BRDA:1125,165,0,2
BRDA:1125,165,1,3
BRDA:1127,192,0,2
BRDA:1127,192,1,1
FN:1139,System.Int64 Hydrix.Mapper.Converters.ConverterFactory::GetMaxLong(System.Type)
FNDA:15,System.Int64 Hydrix.Mapper.Converters.ConverterFactory::GetMaxLong(System.Type)
DA:1140,15
DA:1141,15
DA:1142,3
DA:1143,12
DA:1144,1
DA:1145,11
DA:1146,2
DA:1147,9
DA:1148,2
DA:1149,7
DA:1150,2
DA:1151,5
DA:1152,2
DA:1153,3
DA:1154,2
DA:1156,1
DA:1157,15
BRDA:1141,19,0,3
BRDA:1141,19,1,12
BRDA:1143,51,0,1
BRDA:1143,51,1,11
BRDA:1145,83,0,2
BRDA:1145,83,1,9
BRDA:1147,117,0,2
BRDA:1147,117,1,7
BRDA:1149,145,0,2
BRDA:1149,145,1,5
BRDA:1151,176,0,2
BRDA:1151,176,1,3
BRDA:1153,203,0,2
BRDA:1153,203,1,1
FN:27,System.Void Hydrix.Mapper.Converters.ConverterFactory::.cctor()
FNDA:1,System.Void Hydrix.Mapper.Converters.ConverterFactory::.cctor()
DA:28,1
DA:29,1
DA:30,1
DA:35,1
DA:36,1
DA:37,1
DA:42,1
DA:43,1
DA:44,1
DA:49,1
DA:50,1
DA:51,1
DA:56,1
DA:57,1
DA:58,1
DA:63,1
DA:64,1
DA:65,1
DA:70,1
DA:71,1
DA:72,1
DA:77,1
DA:78,1
DA:79,1
DA:84,1
DA:85,1
DA:86,1
DA:91,1
DA:92,1
DA:93,1
DA:98,1
DA:99,1
DA:100,1
DA:105,1
DA:106,1
DA:107,1
DA:112,1
DA:113,1
DA:114,1
DA:119,1
DA:120,1
DA:121,1
DA:126,1
DA:127,1
DA:128,1
DA:133,1
DA:134,1
DA:135,1
DA:140,1
DA:141,1
DA:142,1
DA:147,1
DA:148,1
DA:149,1
DA:154,1
DA:155,1
DA:156,1
DA:161,1
DA:162,1
DA:163,1
DA:168,1
DA:169,1
DA:170,1
DA:175,1
DA:176,1
DA:177,1
DA:182,1
DA:183,1
DA:188,1
DA:189,1
DA:194,1
DA:195,1
DA:196,1
DA:203,1
DA:204,1
DA:205,1
LF:627
LH:627
BRF:215
BRH:215
FNF:30
FNH:30
end_of_record
SF:C:\VSO\hydrix\src\Hydrix.Mapper\Configuration\BoolOptions.cs
FN:21,Hydrix.Mapper.Primitives.BoolStringFormat Hydrix.Mapper.Configuration.BoolOptions::get_StringFormat()
FNDA:1479,Hydrix.Mapper.Primitives.BoolStringFormat Hydrix.Mapper.Configuration.BoolOptions::get_StringFormat()
DA:22,1479
FN:27,System.String Hydrix.Mapper.Configuration.BoolOptions::get_TrueValue()
FNDA:1474,System.String Hydrix.Mapper.Configuration.BoolOptions::get_TrueValue()
DA:28,1474
FN:33,System.String Hydrix.Mapper.Configuration.BoolOptions::get_FalseValue()
FNDA:1474,System.String Hydrix.Mapper.Configuration.BoolOptions::get_FalseValue()
DA:34,1474
LF:3
LH:3
BRF:0
BRH:0
FNF:3
FNH:3
end_of_record
SF:C:\VSO\hydrix\src\Hydrix.Mapper\Configuration\DateTimeOptions.cs
FN:17,System.String Hydrix.Mapper.Configuration.DateTimeOptions::get_StringFormat()
FNDA:1502,System.String Hydrix.Mapper.Configuration.DateTimeOptions::get_StringFormat()
DA:18,1502
FN:22,Hydrix.Mapper.Primitives.DateTimeZone Hydrix.Mapper.Configuration.DateTimeOptions::get_TimeZone()
FNDA:1493,Hydrix.Mapper.Primitives.DateTimeZone Hydrix.Mapper.Configuration.DateTimeOptions::get_TimeZone()
DA:23,1493
FN:31,System.String Hydrix.Mapper.Configuration.DateTimeOptions::get_Culture()
FNDA:1506,System.String Hydrix.Mapper.Configuration.DateTimeOptions::get_Culture()
DA:32,1506
LF:3
LH:3
BRF:0
BRH:0
FNF:3
FNH:3
end_of_record
SF:C:\VSO\hydrix\src\Hydrix.Mapper\Configuration\GuidOptions.cs
FN:12,Hydrix.Mapper.Primitives.GuidFormat Hydrix.Mapper.Configuration.GuidOptions::get_Format()
FNDA:1481,Hydrix.Mapper.Primitives.GuidFormat Hydrix.Mapper.Configuration.GuidOptions::get_Format()
DA:13,1481
FN:17,Hydrix.Mapper.Primitives.GuidCase Hydrix.Mapper.Configuration.GuidOptions::get_Case()
FNDA:1483,Hydrix.Mapper.Primitives.GuidCase Hydrix.Mapper.Configuration.GuidOptions::get_Case()
DA:18,1483
LF:2
LH:2
BRF:0
BRH:0
FNF:2
FNH:2
end_of_record
SF:C:\VSO\hydrix\src\Hydrix.Mapper\Configuration\HydrixMapperConfiguration.cs
FN:35,Hydrix.Mapper.Configuration.HydrixMapperOptions Hydrix.Mapper.Configuration.HydrixMapperConfiguration::get_Options()
FNDA:12,Hydrix.Mapper.Configuration.HydrixMapperOptions Hydrix.Mapper.Configuration.HydrixMapperConfiguration::get_Options()
DA:36,12
DA:37,12
FN:47,System.Void Hydrix.Mapper.Configuration.HydrixMapperConfiguration::Configure(Hydrix.Mapper.Configuration.HydrixMapperOptions)
FNDA:39,System.Void Hydrix.Mapper.Configuration.HydrixMapperConfiguration::Configure(Hydrix.Mapper.Configuration.HydrixMapperOptions)
DA:48,39
DA:50,39
DA:51,39
DA:57,38
DA:58,38
DA:59,38
DA:61,38
DA:63,38
DA:64,38
DA:65,38
DA:66,38
FN:74,Hydrix.Mapper.HydrixMapper Hydrix.Mapper.Configuration.HydrixMapperConfiguration::GetOrCreateDefaultMapper()
FNDA:11,Hydrix.Mapper.HydrixMapper Hydrix.Mapper.Configuration.HydrixMapperConfiguration::GetOrCreateDefaultMapper()
DA:75,11
DA:76,11
DA:77,11
DA:79,11
DA:80,1
DA:82,10
DA:83,10
DA:85,10
DA:86,10
DA:87,10
DA:88,10
DA:90,10
DA:91,10
DA:92,11
BRDA:79,18,0,1
BRDA:79,18,1,10
FN:20,System.Void Hydrix.Mapper.Configuration.HydrixMapperConfiguration::.cctor()
FNDA:1,System.Void Hydrix.Mapper.Configuration.HydrixMapperConfiguration::.cctor()
DA:21,1
LF:28
LH:28
BRF:2
BRH:2
FNF:4
FNH:4
end_of_record
SF:C:\VSO\hydrix\src\Hydrix.Mapper\Configuration\HydrixMapperOptions.cs
FN:24,Hydrix.Mapper.Configuration.StringOptions Hydrix.Mapper.Configuration.HydrixMapperOptions::get_String()
FNDA:1670,Hydrix.Mapper.Configuration.StringOptions Hydrix.Mapper.Configuration.HydrixMapperOptions::get_String()
DA:25,1670
FN:29,Hydrix.Mapper.Configuration.GuidOptions Hydrix.Mapper.Configuration.HydrixMapperOptions::get_Guid()
FNDA:2339,Hydrix.Mapper.Configuration.GuidOptions Hydrix.Mapper.Configuration.HydrixMapperOptions::get_Guid()
DA:30,2339
FN:34,Hydrix.Mapper.Configuration.NumericOptions Hydrix.Mapper.Configuration.HydrixMapperOptions::get_Numeric()
FNDA:2415,Hydrix.Mapper.Configuration.NumericOptions Hydrix.Mapper.Configuration.HydrixMapperOptions::get_Numeric()
DA:35,2415
FN:39,Hydrix.Mapper.Configuration.DateTimeOptions Hydrix.Mapper.Configuration.HydrixMapperOptions::get_DateTime()
FNDA:3251,Hydrix.Mapper.Configuration.DateTimeOptions Hydrix.Mapper.Configuration.HydrixMapperOptions::get_DateTime()
DA:40,3251
FN:44,Hydrix.Mapper.Configuration.BoolOptions Hydrix.Mapper.Configuration.HydrixMapperOptions::get_Bool()
FNDA:3177,Hydrix.Mapper.Configuration.BoolOptions Hydrix.Mapper.Configuration.HydrixMapperOptions::get_Bool()
DA:45,3177
FN:50,System.Boolean Hydrix.Mapper.Configuration.HydrixMapperOptions::get_StrictMode()
FNDA:843,System.Boolean Hydrix.Mapper.Configuration.HydrixMapperOptions::get_StrictMode()
DA:51,843
FN:55,System.Collections.Generic.Dictionary`2<System.Type,System.Type> Hydrix.Mapper.Configuration.HydrixMapperOptions::get_NestedMappings()
FNDA:264,System.Collections.Generic.Dictionary`2<System.Type,System.Type> Hydrix.Mapper.Configuration.HydrixMapperOptions::get_NestedMappings()
DA:56,264
FN:65,System.Void Hydrix.Mapper.Configuration.HydrixMapperOptions::MapNested()
FNDA:15,System.Void Hydrix.Mapper.Configuration.HydrixMapperOptions::MapNested()
DA:66,15
DA:67,15
DA:68,15
FN:86,System.Boolean Hydrix.Mapper.Configuration.HydrixMapperOptions::TryGetNestedSourceType(System.Type,System.Type&)
FNDA:84,System.Boolean Hydrix.Mapper.Configuration.HydrixMapperOptions::TryGetNestedSourceType(System.Type,System.Type&)
DA:87,84
DA:88,84
DA:89,84
DA:90,84
DA:91,26
DA:92,26
DA:95,58
DA:96,58
DA:98,58
DA:99,22
DA:100,22
DA:101,22
DA:104,36
DA:105,36
DA:106,84
BRDA:88,16,0,26
BRDA:88,16,1,58
BRDA:98,37,0,22
BRDA:98,37,1,36
FN:113,System.Void Hydrix.Mapper.Configuration.HydrixMapperOptions::ImportNestedMappings(System.Collections.Generic.Dictionary`2<System.Type,System.Type>)
FNDA:209,System.Void Hydrix.Mapper.Configuration.HydrixMapperOptions::ImportNestedMappings(System.Collections.Generic.Dictionary`2<System.Type,System.Type>)
DA:114,209
DA:115,679
DA:116,26
DA:117,26
DA:118,26
DA:119,209
BRDA:115,54,1,26
BRDA:115,54,0,209
FN:128,Hydrix.Mapper.Configuration.HydrixMapperOptions Hydrix.Mapper.Configuration.HydrixMapperOptions::Clone()
FNDA:202,Hydrix.Mapper.Configuration.HydrixMapperOptions Hydrix.Mapper.Configuration.HydrixMapperOptions::Clone()
DA:129,202
DA:130,202
DA:131,202
DA:132,202
DA:133,202
DA:135,202
DA:136,202
DA:137,202
DA:138,202
DA:139,202
DA:140,202
DA:141,202
DA:142,202
DA:143,202
DA:144,202
DA:145,202
DA:146,202
DA:148,202
DA:149,202
FN:19,System.Void Hydrix.Mapper.Configuration.HydrixMapperOptions::.ctor()
FNDA:625,System.Void Hydrix.Mapper.Configuration.HydrixMapperOptions::.ctor()
DA:20,625
LF:51
LH:51
BRF:6
BRH:6
FNF:12
FNH:12
end_of_record
SF:C:\VSO\hydrix\src\Hydrix.Mapper\Configuration\NumericOptions.cs
FN:14,Hydrix.Mapper.Primitives.NumericRounding Hydrix.Mapper.Configuration.NumericOptions::get_DecimalToIntRounding()
FNDA:1519,Hydrix.Mapper.Primitives.NumericRounding Hydrix.Mapper.Configuration.NumericOptions::get_DecimalToIntRounding()
DA:15,1519
FN:19,Hydrix.Mapper.Primitives.NumericOverflow Hydrix.Mapper.Configuration.NumericOptions::get_Overflow()
FNDA:1521,Hydrix.Mapper.Primitives.NumericOverflow Hydrix.Mapper.Configuration.NumericOptions::get_Overflow()
DA:20,1521
LF:2
LH:2
BRF:0
BRH:0
FNF:2
FNH:2
end_of_record
SF:C:\VSO\hydrix\src\Hydrix.Mapper\Configuration\StringOptions.cs
FN:12,Hydrix.Mapper.Primitives.StringTransforms Hydrix.Mapper.Configuration.StringOptions::get_Transform()
FNDA:1670,Hydrix.Mapper.Primitives.StringTransforms Hydrix.Mapper.Configuration.StringOptions::get_Transform()
DA:13,1670
LF:1
LH:1
BRF:0
BRH:0
FNF:1
FNH:1
end_of_record
SF:C:\VSO\hydrix\src\Hydrix.Mapper\Caching\MapPlanCache.cs
FN:44,Hydrix.Mapper.Plans.MapPlan Hydrix.Mapper.Caching.MapPlanCache::GetOrAdd(System.Type,System.Type,Hydrix.Mapper.Configuration.HydrixMapperOptions)
FNDA:243,Hydrix.Mapper.Plans.MapPlan Hydrix.Mapper.Caching.MapPlanCache::GetOrAdd(System.Type,System.Type,Hydrix.Mapper.Configuration.HydrixMapperOptions)
DA:45,243
DA:46,243
DA:47,243
DA:48,243
DA:49,243
DA:50,243
DA:51,243
DA:53,243
DA:54,243
DA:55,243
DA:56,71
DA:57,71
DA:60,172
DA:61,172
DA:62,164
DA:63,235
BRDA:53,35,0,71
BRDA:53,35,1,172
FN:81,System.Boolean Hydrix.Mapper.Caching.MapPlanCache::IsCached(System.Type,System.Type)
FNDA:5,System.Boolean Hydrix.Mapper.Caching.MapPlanCache::IsCached(System.Type,System.Type)
DA:82,5
DA:83,22
DA:84,5
DA:85,5
DA:86,3
DA:87,2
DA:89,2
DA:90,5
BRDA:83,72,1,5
BRDA:85,40,0,4
BRDA:85,40,1,1
BRDA:85,59,0,3
BRDA:85,59,1,2
BRDA:83,72,0,2
FN:111,System.Boolean Hydrix.Mapper.Caching.MapPlanCache::IsCached(System.Type,System.Type,Hydrix.Mapper.Configuration.HydrixMapperOptions)
FNDA:2,System.Boolean Hydrix.Mapper.Caching.MapPlanCache::IsCached(System.Type,System.Type,Hydrix.Mapper.Configuration.HydrixMapperOptions)
DA:112,2
DA:113,2
DA:114,2
DA:115,2
DA:116,2
DA:117,2
FN:122,System.Void Hydrix.Mapper.Caching.MapPlanCache::Clear()
FNDA:48,System.Void Hydrix.Mapper.Caching.MapPlanCache::Clear()
DA:123,48
FN:21,System.Void Hydrix.Mapper.Caching.MapPlanCache::.cctor()
FNDA:1,System.Void Hydrix.Mapper.Caching.MapPlanCache::.cctor()
DA:22,1
DA:23,1
FN:199,System.Boolean Hydrix.Mapper.Caching.MapPlanKey::Equals(Hydrix.Mapper.Caching.MapPlanKey)
FNDA:99,System.Boolean Hydrix.Mapper.Caching.MapPlanKey::Equals(Hydrix.Mapper.Caching.MapPlanKey)
DA:200,99
DA:201,99
DA:202,99
DA:203,99
BRDA:200,17,0,98
BRDA:200,36,0,97
BRDA:200,17,1,2
BRDA:200,36,1,2
FN:216,System.Boolean Hydrix.Mapper.Caching.MapPlanKey::Equals(System.Object)
FNDA:2,System.Boolean Hydrix.Mapper.Caching.MapPlanKey::Equals(System.Object)
DA:217,2
DA:218,2
BRDA:217,6,0,1
BRDA:217,6,1,1
FN:226,System.Int32 Hydrix.Mapper.Caching.MapPlanKey::GetHashCode()
FNDA:413,System.Int32 Hydrix.Mapper.Caching.MapPlanKey::GetHashCode()
DA:227,413
DA:229,413
DA:230,413
DA:231,413
DA:233,413
FN:159,System.Void Hydrix.Mapper.Caching.MapPlanKey::.ctor(System.Type,System.Type)
FNDA:8,System.Void Hydrix.Mapper.Caching.MapPlanKey::.ctor(System.Type,System.Type)
DA:160,8
DA:161,8
DA:162,8
DA:163,8
DA:164,16
FN:181,System.Void Hydrix.Mapper.Caching.MapPlanKey::.ctor(System.Type,System.Type,Hydrix.Mapper.Caching.MapPlanOptionsKey)
FNDA:255,System.Void Hydrix.Mapper.Caching.MapPlanKey::.ctor(System.Type,System.Type,Hydrix.Mapper.Caching.MapPlanOptionsKey)
DA:182,255
DA:183,255
DA:184,255
DA:185,255
DA:186,255
FN:399,Hydrix.Mapper.Caching.MapPlanOptionsKey Hydrix.Mapper.Caching.MapPlanOptionsKey::Create(Hydrix.Mapper.Configuration.HydrixMapperOptions)
FNDA:255,Hydrix.Mapper.Caching.MapPlanOptionsKey Hydrix.Mapper.Caching.MapPlanOptionsKey::Create(Hydrix.Mapper.Configuration.HydrixMapperOptions)
DA:400,255
DA:401,255
DA:402,255
DA:403,255
DA:404,255
DA:405,255
DA:406,255
DA:407,255
DA:408,255
DA:409,255
DA:410,255
DA:411,255
DA:412,255
DA:413,255
DA:414,255
DA:415,255
BRDA:400,139,0,246
BRDA:400,139,1,9
FN:423,Hydrix.Mapper.Configuration.HydrixMapperOptions Hydrix.Mapper.Caching.MapPlanOptionsKey::ToOptions()
FNDA:172,Hydrix.Mapper.Configuration.HydrixMapperOptions Hydrix.Mapper.Caching.MapPlanOptionsKey::ToOptions()
DA:424,172
DA:425,172
DA:426,172
DA:427,172
DA:428,172
DA:430,172
DA:431,172
DA:432,172
DA:433,172
DA:434,172
DA:435,172
DA:436,172
DA:437,172
DA:438,172
DA:439,172
DA:440,172
DA:442,172
DA:443,172
DA:444,7
DA:445,7
DA:446,7
DA:447,7
DA:449,172
DA:450,172
BRDA:442,231,0,7
BRDA:442,231,1,165
BRDA:442,247,0,7
BRDA:442,247,1,172
FN:463,System.Boolean Hydrix.Mapper.Caching.MapPlanOptionsKey::Equals(Hydrix.Mapper.Caching.MapPlanOptionsKey)
FNDA:100,System.Boolean Hydrix.Mapper.Caching.MapPlanOptionsKey::Equals(Hydrix.Mapper.Caching.MapPlanOptionsKey)
DA:464,100
DA:465,100
DA:466,100
DA:467,100
DA:468,100
DA:469,100
DA:470,100
DA:471,100
DA:472,100
DA:473,100
DA:474,100
DA:475,100
DA:476,100
DA:477,100
DA:478,100
DA:479,100
DA:480,100
DA:481,100
DA:482,100
DA:483,100
DA:484,100
DA:485,100
DA:486,100
DA:487,100
DA:488,100
DA:489,100
DA:490,100
DA:491,100
BRDA:464,12,0,99
BRDA:464,29,0,99
BRDA:464,46,0,98
BRDA:464,63,0,98
BRDA:464,80,0,98
BRDA:464,103,0,98
BRDA:464,120,0,98
BRDA:464,140,0,98
BRDA:464,154,0,98
BRDA:464,174,0,98
BRDA:464,194,0,98
BRDA:464,208,0,98
BRDA:464,216,0,97
BRDA:464,216,1,1
BRDA:464,224,0,1
BRDA:464,224,1,97
BRDA:464,12,1,2
BRDA:464,29,1,2
BRDA:464,46,1,2
BRDA:464,63,1,2
BRDA:464,80,1,2
BRDA:464,103,1,2
BRDA:464,120,1,2
BRDA:464,140,1,2
BRDA:464,154,1,2
BRDA:464,174,1,2
BRDA:464,194,1,2
BRDA:464,208,1,2
FN:504,System.Boolean Hydrix.Mapper.Caching.MapPlanOptionsKey::Equals(System.Object)
FNDA:2,System.Boolean Hydrix.Mapper.Caching.MapPlanOptionsKey::Equals(System.Object)
DA:505,2
DA:506,2
BRDA:505,6,0,1
BRDA:505,6,1,1
FN:514,System.Int32 Hydrix.Mapper.Caching.MapPlanOptionsKey::GetHashCode()
FNDA:415,System.Int32 Hydrix.Mapper.Caching.MapPlanOptionsKey::GetHashCode()
DA:515,415
DA:517,415
DA:518,415
DA:519,415
DA:520,415
DA:521,415
DA:522,415
DA:523,415
DA:524,415
DA:525,415
DA:526,415
DA:527,415
DA:528,415
DA:529,415
DA:530,415
DA:531,415
DA:532,415
DA:533,415
DA:534,415
DA:535,415
DA:536,415
DA:537,415
DA:538,415
DA:540,415
BRDA:534,212,0,14
BRDA:534,212,1,401
FN:552,System.Int32 Hydrix.Mapper.Caching.MapPlanOptionsKey::GetStringHashCode(System.String)
FNDA:1660,System.Int32 Hydrix.Mapper.Caching.MapPlanOptionsKey::GetStringHashCode(System.String)
DA:553,1660
DA:554,1660
DA:555,1660
DA:556,1660
BRDA:553,1,0,1652
BRDA:553,1,1,8
FN:372,System.Void Hydrix.Mapper.Caching.MapPlanOptionsKey::.ctor(Hydrix.Mapper.Primitives.StringTransforms,Hydrix.Mapper.Primitives.GuidFormat,Hydrix.Mapper.Primitives.GuidCase,Hydrix.Mapper.Primitives.NumericRounding,Hydrix.Mapper.Primitives.NumericOverflow,System.String,Hydrix.Mapper.Primitives.DateTimeZone,System.String,Hydrix.Mapper.Primitives.BoolStringFormat,System.String,System.String,System.Boolean,System.Collections.Generic.Dictionary`2<System.Type,System.Type>)
FNDA:255,System.Void Hydrix.Mapper.Caching.MapPlanOptionsKey::.ctor(Hydrix.Mapper.Primitives.StringTransforms,Hydrix.Mapper.Primitives.GuidFormat,Hydrix.Mapper.Primitives.GuidCase,Hydrix.Mapper.Primitives.NumericRounding,Hydrix.Mapper.Primitives.NumericOverflow,System.String,Hydrix.Mapper.Primitives.DateTimeZone,System.String,Hydrix.Mapper.Primitives.BoolStringFormat,System.String,System.String,System.Boolean,System.Collections.Generic.Dictionary`2<System.Type,System.Type>)
DA:373,255
DA:374,255
DA:375,255
DA:376,255
DA:377,255
DA:378,255
DA:379,255
DA:380,255
DA:381,255
DA:382,255
DA:383,255
DA:384,255
DA:385,255
DA:386,255
DA:387,255
FN:244,System.Void Hydrix.Mapper.Caching.MapPlanOptionsKey::.cctor()
FNDA:1,System.Void Hydrix.Mapper.Caching.MapPlanOptionsKey::.cctor()
DA:245,1
DA:246,1
LF:169
LH:169
BRF:54
BRH:54
FNF:18
FNH:18
end_of_record
SF:C:\VSO\hydrix\src\Hydrix.Mapper\Builders\MapPlanBuilder.cs
FN:56,Hydrix.Mapper.Plans.MapPlan Hydrix.Mapper.Builders.MapPlanBuilder::Build(System.Type,System.Type,Hydrix.Mapper.Configuration.HydrixMapperOptions)
FNDA:172,Hydrix.Mapper.Plans.MapPlan Hydrix.Mapper.Builders.MapPlanBuilder::Build(System.Type,System.Type,Hydrix.Mapper.Configuration.HydrixMapperOptions)
DA:57,172
DA:58,172
DA:60,172
DA:61,172
DA:62,0
DA:63,0
DA:64,0
DA:65,0
DA:68,172
DA:69,172
DA:70,2
DA:71,2
DA:72,2
DA:75,170
DA:76,170
DA:78,167
DA:79,167
DA:80,167
DA:81,167
DA:85,167
DA:86,167
DA:87,167
DA:88,167
DA:89,167
DA:90,167
DA:92,166
DA:93,166
DA:94,166
DA:95,166
DA:96,166
DA:97,166
DA:99,164
DA:100,164
DA:101,164
DA:102,164
DA:103,164
DA:104,164
DA:106,164
DA:107,164
DA:108,164
DA:111,172
DA:112,172
DA:113,172
DA:114,172
DA:115,164
BRDA:58,6,0,26
BRDA:58,6,1,172
BRDA:60,40,0,0
BRDA:60,40,1,172
BRDA:69,167,0,2
BRDA:69,167,1,170
FN:146,System.Collections.Generic.List`1<System.ValueTuple`3<System.Reflection.PropertyInfo,System.Reflection.PropertyInfo,Hydrix.Mapper.Attributes.MapConversionAttribute>> Hydrix.Mapper.Builders.MapPlanBuilder::ResolvePropertyPairs(System.Type,System.Type,Hydrix.Mapper.Configuration.HydrixMapperOptions,System.Collections.Generic.Dictionary`2<System.String,System.Reflection.PropertyInfo>,System.Reflection.PropertyInfo[])
FNDA:218,System.Collections.Generic.List`1<System.ValueTuple`3<System.Reflection.PropertyInfo,System.Reflection.PropertyInfo,Hydrix.Mapper.Attributes.MapConversionAttribute>> Hydrix.Mapper.Builders.MapPlanBuilder::ResolvePropertyPairs(System.Type,System.Type,Hydrix.Mapper.Configuration.HydrixMapperOptions,System.Collections.Generic.Dictionary`2<System.String,System.Reflection.PropertyInfo>,System.Reflection.PropertyInfo[])
DA:147,218
DA:148,218
DA:149,218
DA:150,218
DA:152,1379
DA:153,363
DA:154,363
DA:155,2
DA:157,361
DA:158,2
DA:160,359
DA:161,1
DA:163,358
DA:164,358
DA:165,358
DA:166,1
DA:167,1
DA:170,357
DA:171,357
DA:172,357
DA:173,10
DA:174,10
DA:175,1
DA:176,1
DA:177,1
DA:178,1
DA:179,1
DA:182,9
DA:185,347
DA:186,347
DA:188,347
DA:189,347
DA:190,347
DA:192,217
DA:193,217
BRDA:152,348,1,363
BRDA:154,40,1,361
BRDA:157,65,1,359
BRDA:160,86,1,358
BRDA:163,114,0,1
BRDA:163,114,1,357
BRDA:170,143,0,10
BRDA:174,159,0,1
BRDA:170,143,1,347
BRDA:154,40,0,362
BRDA:157,65,0,362
BRDA:160,86,0,362
BRDA:174,159,1,362
BRDA:152,348,0,217
FN:226,System.Delegate Hydrix.Mapper.Builders.MapPlanBuilder::BuildTypedDelegate(System.Type,System.Type,Hydrix.Mapper.Configuration.HydrixMapperOptions,System.Reflection.ConstructorInfo,System.Collections.Generic.List`1<System.ValueTuple`3<System.Reflection.PropertyInfo,System.Reflection.PropertyInfo,Hydrix.Mapper.Attributes.MapConversionAttribute>>)
FNDA:166,System.Delegate Hydrix.Mapper.Builders.MapPlanBuilder::BuildTypedDelegate(System.Type,System.Type,Hydrix.Mapper.Configuration.HydrixMapperOptions,System.Reflection.ConstructorInfo,System.Collections.Generic.List`1<System.ValueTuple`3<System.Reflection.PropertyInfo,System.Reflection.PropertyInfo,Hydrix.Mapper.Attributes.MapConversionAttribute>>)
DA:227,166
DA:229,166
DA:230,166
DA:231,166
DA:233,166
DA:234,166
DA:235,166
DA:238,166
DA:239,166
DA:242,166
DA:243,166
DA:244,166
DA:245,166
DA:246,166
DA:248,962
DA:249,233
DA:250,233
DA:251,233
DA:252,233
DA:253,233
DA:254,233
DA:255,233
DA:256,233
DA:257,233
DA:258,233
DA:259,233
DA:260,231
DA:263,164
DA:264,164
DA:266,164
DA:267,164
DA:268,164
DA:270,164
DA:271,164
DA:272,164
DA:274,164
DA:275,164
DA:276,164
DA:277,164
DA:278,164
DA:279,164
BRDA:248,133,1,233
BRDA:248,133,0,164
FN:313,System.Func`2<System.Object,System.Object> Hydrix.Mapper.Builders.MapPlanBuilder::BuildObjectExecute(System.Type,System.Type,Hydrix.Mapper.Configuration.HydrixMapperOptions,System.Reflection.ConstructorInfo,System.Collections.Generic.List`1<System.ValueTuple`3<System.Reflection.PropertyInfo,System.Reflection.PropertyInfo,Hydrix.Mapper.Attributes.MapConversionAttribute>>)
FNDA:164,System.Func`2<System.Object,System.Object> Hydrix.Mapper.Builders.MapPlanBuilder::BuildObjectExecute(System.Type,System.Type,Hydrix.Mapper.Configuration.HydrixMapperOptions,System.Reflection.ConstructorInfo,System.Collections.Generic.List`1<System.ValueTuple`3<System.Reflection.PropertyInfo,System.Reflection.PropertyInfo,Hydrix.Mapper.Attributes.MapConversionAttribute>>)
DA:314,164
DA:316,164
DA:317,164
DA:318,164
DA:321,164
DA:322,164
DA:323,164
DA:324,164
DA:325,164
DA:326,164
DA:329,164
DA:330,164
DA:333,164
DA:334,164
DA:335,164
DA:336,164
DA:337,164
DA:338,164
DA:341,164
DA:342,164
DA:343,164
DA:344,164
DA:345,164
DA:347,954
DA:348,231
DA:349,231
DA:350,231
DA:351,231
DA:352,231
DA:353,231
DA:354,231
DA:355,231
DA:356,231
DA:357,231
DA:358,231
DA:359,231
DA:362,164
DA:363,164
DA:364,164
DA:365,164
DA:367,164
DA:368,164
DA:369,164
DA:371,164
DA:372,164
DA:373,164
DA:374,164
BRDA:347,174,1,231
BRDA:347,174,0,164
FN:386,System.Collections.Generic.Dictionary`2<System.String,System.Reflection.PropertyInfo> Hydrix.Mapper.Builders.MapPlanBuilder::BuildPropertyLookup(System.Type)
FNDA:218,System.Collections.Generic.Dictionary`2<System.String,System.Reflection.PropertyInfo> Hydrix.Mapper.Builders.MapPlanBuilder::BuildPropertyLookup(System.Type)
DA:387,218
DA:388,218
DA:389,218
DA:390,218
DA:391,218
DA:392,218
DA:394,1394
DA:395,370
DA:396,370
DA:397,2
DA:399,368
DA:400,2
DA:402,366
DA:403,1
DA:405,365
DA:406,365
DA:408,218
DA:409,218
BRDA:394,122,1,370
BRDA:396,51,1,368
BRDA:399,74,1,366
BRDA:402,93,1,365
BRDA:396,51,0,370
BRDA:399,74,0,370
BRDA:402,93,0,370
BRDA:394,122,0,218
FN:454,System.Linq.Expressions.BinaryExpression Hydrix.Mapper.Builders.MapPlanBuilder::BuildPropertyAssignment(System.Type,System.Type,System.Linq.Expressions.Expression,System.Linq.Expressions.Expression,System.Reflection.PropertyInfo,System.Reflection.PropertyInfo,Hydrix.Mapper.Configuration.HydrixMapperOptions,Hydrix.Mapper.Attributes.MapConversionAttribute)
FNDA:576,System.Linq.Expressions.BinaryExpression Hydrix.Mapper.Builders.MapPlanBuilder::BuildPropertyAssignment(System.Type,System.Type,System.Linq.Expressions.Expression,System.Linq.Expressions.Expression,System.Reflection.PropertyInfo,System.Reflection.PropertyInfo,Hydrix.Mapper.Configuration.HydrixMapperOptions,Hydrix.Mapper.Attributes.MapConversionAttribute)
DA:455,576
DA:456,576
DA:457,576
DA:458,576
DA:462,576
DA:463,576
DA:464,576
DA:465,576
DA:466,576
DA:467,576
DA:468,576
DA:469,526
DA:470,50
DA:471,50
DA:472,50
DA:473,50
DA:474,50
DA:475,50
DA:476,50
DA:478,50
DA:479,50
DA:480,50
DA:481,50
DA:482,50
DA:483,50
DA:484,48
DA:486,574
DA:487,574
DA:488,574
DA:489,574
DA:490,574
DA:491,574
DA:492,574
BRDA:478,71,0,2
BRDA:478,71,1,48
FN:510,System.Linq.Expressions.Expression Hydrix.Mapper.Builders.MapPlanBuilder::TryBuildNestedExpression(System.Linq.Expressions.Expression,System.Type,System.Type,Hydrix.Mapper.Configuration.HydrixMapperOptions)
FNDA:50,System.Linq.Expressions.Expression Hydrix.Mapper.Builders.MapPlanBuilder::TryBuildNestedExpression(System.Linq.Expressions.Expression,System.Type,System.Type,Hydrix.Mapper.Configuration.HydrixMapperOptions)
DA:511,50
DA:513,50
DA:514,50
DA:515,50
DA:516,50
DA:517,14
DA:518,14
DA:519,14
DA:520,14
DA:521,14
DA:522,14
DA:526,36
DA:527,36
DA:528,36
DA:529,36
DA:530,36
DA:531,36
DA:532,36
DA:533,36
DA:534,36
DA:535,36
DA:536,34
DA:537,34
DA:538,34
DA:539,34
DA:540,34
DA:541,34
DA:542,34
DA:545,2
DA:546,50
BRDA:513,10,0,14
BRDA:513,10,1,36
BRDA:513,26,0,14
BRDA:513,26,1,36
BRDA:526,50,0,35
BRDA:526,60,0,34
BRDA:526,71,0,34
BRDA:526,50,1,2
BRDA:526,60,1,2
BRDA:526,71,1,2
BRDA:526,87,0,34
BRDA:526,87,1,2
FN:565,System.Linq.Expressions.Expression Hydrix.Mapper.Builders.MapPlanBuilder::BuildNestedObjectExpression(System.Linq.Expressions.Expression,System.Type,System.Type,Hydrix.Mapper.Configuration.HydrixMapperOptions)
FNDA:15,System.Linq.Expressions.Expression Hydrix.Mapper.Builders.MapPlanBuilder::BuildNestedObjectExpression(System.Linq.Expressions.Expression,System.Type,System.Type,Hydrix.Mapper.Configuration.HydrixMapperOptions)
DA:566,15
DA:568,15
DA:571,15
DA:572,15
DA:573,15
DA:574,15
DA:575,15
DA:578,15
DA:579,1
DA:580,1
DA:581,1
DA:582,1
DA:583,1
DA:584,1
DA:585,1
DA:589,14
DA:590,14
DA:591,14
DA:592,14
DA:593,14
DA:594,14
DA:595,14
DA:596,14
DA:597,14
DA:598,14
DA:599,14
DA:600,14
DA:601,14
DA:602,14
DA:603,15
BRDA:578,31,0,1
BRDA:578,31,1,14
FN:633,System.Linq.Expressions.Expression Hydrix.Mapper.Builders.MapPlanBuilder::BuildInlineNestedBodyBlock(System.Linq.Expressions.Expression,System.Type,System.Type,Hydrix.Mapper.Configuration.HydrixMapperOptions)
FNDA:51,System.Linq.Expressions.Expression Hydrix.Mapper.Builders.MapPlanBuilder::BuildInlineNestedBodyBlock(System.Linq.Expressions.Expression,System.Type,System.Type,Hydrix.Mapper.Configuration.HydrixMapperOptions)
DA:634,51
DA:635,51
DA:636,51
DA:637,51
DA:638,51
DA:639,51
DA:640,51
DA:641,51
DA:642,51
DA:643,51
DA:644,51
DA:646,51
DA:647,51
DA:649,51
DA:650,51
DA:651,51
DA:652,51
DA:654,377
DA:655,112
DA:656,112
DA:657,112
DA:658,112
DA:659,112
DA:660,112
DA:661,112
DA:662,112
DA:663,112
DA:664,112
DA:665,112
DA:666,112
DA:668,51
DA:670,51
DA:671,51
DA:672,51
DA:673,51
BRDA:654,159,1,112
BRDA:654,159,0,51
FN:687,System.Reflection.ConstructorInfo Hydrix.Mapper.Builders.MapPlanBuilder::ResolveConstructorOrThrow(System.Type)
FNDA:221,System.Reflection.ConstructorInfo Hydrix.Mapper.Builders.MapPlanBuilder::ResolveConstructorOrThrow(System.Type)
DA:688,221
DA:689,221
DA:690,221
DA:691,221
DA:692,221
DA:693,221
DA:694,221
BRDA:688,16,0,3
BRDA:688,16,1,218
FN:717,System.Linq.Expressions.Expression Hydrix.Mapper.Builders.MapPlanBuilder::BuildNestedCollectionExpression(System.Linq.Expressions.Expression,System.Type,System.Type,System.Type,Hydrix.Mapper.Configuration.HydrixMapperOptions)
FNDA:36,System.Linq.Expressions.Expression Hydrix.Mapper.Builders.MapPlanBuilder::BuildNestedCollectionExpression(System.Linq.Expressions.Expression,System.Type,System.Type,System.Type,Hydrix.Mapper.Configuration.HydrixMapperOptions)
DA:718,36
DA:719,36
DA:720,36
DA:721,36
DA:722,36
DA:723,36
DA:724,36
DA:726,36
DA:729,36
DA:730,36
DA:731,30
DA:732,30
DA:733,30
DA:734,30
DA:735,30
DA:737,30
DA:738,30
DA:739,30
DA:740,30
DA:741,30
DA:742,30
DA:743,30
DA:744,30
DA:745,30
DA:749,6
DA:750,6
DA:751,6
DA:752,6
DA:753,6
DA:754,6
DA:755,6
DA:756,6
DA:757,36
BRDA:729,93,0,10
BRDA:729,93,1,26
BRDA:729,109,0,30
BRDA:732,119,0,4
BRDA:732,119,1,26
BRDA:729,109,1,6
FN:811,System.Linq.Expressions.Expression Hydrix.Mapper.Builders.MapPlanBuilder::BuildIndexedCollectionLoop(System.Linq.Expressions.Expression,System.Type,System.Type,System.Type,System.Type,System.Type,System.Type,Hydrix.Mapper.Configuration.HydrixMapperOptions)
FNDA:30,System.Linq.Expressions.Expression Hydrix.Mapper.Builders.MapPlanBuilder::BuildIndexedCollectionLoop(System.Linq.Expressions.Expression,System.Type,System.Type,System.Type,System.Type,System.Type,System.Type,Hydrix.Mapper.Configuration.HydrixMapperOptions)
DA:812,30
DA:815,30
DA:816,30
DA:817,30
DA:818,30
DA:819,30
DA:821,30
DA:822,30
DA:823,30
DA:824,30
DA:825,30
DA:828,30
DA:829,30
DA:830,30
DA:831,30
DA:832,30
DA:834,30
DA:835,30
DA:836,30
DA:837,30
DA:838,30
DA:839,30
DA:840,30
DA:841,30
DA:842,30
DA:843,30
DA:844,30
DA:845,30
DA:846,30
DA:847,30
DA:848,30
DA:849,30
DA:850,30
DA:851,30
DA:852,30
DA:853,30
DA:854,30
DA:855,30
DA:856,30
DA:857,30
DA:858,30
DA:859,30
DA:860,30
DA:861,30
DA:862,30
DA:863,30
DA:864,30
DA:866,30
DA:867,30
DA:868,30
DA:869,30
DA:870,30
DA:871,30
DA:872,30
DA:873,30
DA:874,30
DA:875,30
DA:876,30
DA:877,30
DA:878,30
DA:879,30
DA:880,30
DA:881,30
DA:882,30
DA:885,30
DA:886,30
DA:887,30
DA:888,30
DA:889,30
DA:890,30
DA:891,30
DA:892,30
DA:893,30
DA:894,30
DA:895,30
DA:896,30
DA:897,30
DA:898,30
DA:899,30
DA:900,30
DA:901,30
DA:902,30
DA:903,30
DA:904,30
DA:905,30
DA:906,30
DA:907,30
DA:908,30
DA:909,30
DA:910,30
DA:911,30
DA:912,30
DA:913,30
DA:914,30
DA:915,30
DA:916,30
DA:917,30
DA:918,30
BRDA:815,13,0,4
BRDA:815,13,1,30
BRDA:834,219,0,28
BRDA:834,219,1,2
BRDA:885,496,0,2
BRDA:885,496,1,28
BRDA:885,602,0,3
BRDA:885,602,1,27
FN:944,System.Linq.Expressions.Expression Hydrix.Mapper.Builders.MapPlanBuilder::BuildEnumerableFallback(System.Linq.Expressions.Expression,System.Type,System.Type,System.Type,System.Type,System.Type,Hydrix.Mapper.Configuration.HydrixMapperOptions)
FNDA:6,System.Linq.Expressions.Expression Hydrix.Mapper.Builders.MapPlanBuilder::BuildEnumerableFallback(System.Linq.Expressions.Expression,System.Type,System.Type,System.Type,System.Type,System.Type,Hydrix.Mapper.Configuration.HydrixMapperOptions)
DA:945,6
DA:947,6
DA:948,6
DA:949,6
DA:951,6
DA:952,6
DA:953,6
DA:954,6
DA:955,6
DA:957,6
DA:958,6
DA:959,6
DA:961,6
DA:962,6
DA:963,6
DA:964,6
DA:965,6
DA:966,6
DA:968,6
DA:969,6
DA:970,6
DA:971,6
DA:972,6
DA:973,6
DA:975,6
DA:976,6
DA:977,6
DA:979,6
DA:980,6
DA:982,6
DA:983,6
DA:984,6
DA:985,6
DA:986,6
DA:988,6
DA:989,6
DA:990,6
DA:991,6
DA:992,6
DA:993,6
DA:994,6
DA:996,6
DA:997,6
DA:998,6
DA:999,6
DA:1000,6
DA:1001,6
BRDA:968,100,0,0
BRDA:968,100,1,6
BRDA:982,174,0,4
BRDA:982,174,1,2
BRDA:996,217,0,2
BRDA:996,217,1,4
FN:1017,System.Boolean Hydrix.Mapper.Builders.MapPlanBuilder::TryGetEnumerableElementType(System.Type,System.Type&)
FNDA:37,System.Boolean Hydrix.Mapper.Builders.MapPlanBuilder::TryGetEnumerableElementType(System.Type,System.Type&)
DA:1018,37
DA:1019,37
DA:1020,37
DA:1021,3
DA:1022,3
DA:1023,3
DA:1026,281
DA:1027,106
DA:1028,106
DA:1029,106
DA:1030,33
DA:1031,33
DA:1032,33
DA:1034,73
DA:1036,1
DA:1037,1
DA:1038,37
BRDA:1019,7,0,33
BRDA:1019,7,1,4
BRDA:1019,35,0,3
BRDA:1019,35,1,34
BRDA:1026,135,1,106
BRDA:1028,77,0,91
BRDA:1028,77,1,15
BRDA:1028,108,0,33
BRDA:1028,108,1,73
BRDA:1026,135,0,1
FN:1056,System.Boolean Hydrix.Mapper.Builders.MapPlanBuilder::TryGetCollectionDestElementType(System.Type,System.Type&)
FNDA:37,System.Boolean Hydrix.Mapper.Builders.MapPlanBuilder::TryGetCollectionDestElementType(System.Type,System.Type&)
DA:1057,37
DA:1058,37
DA:1059,1
DA:1060,1
DA:1061,1
DA:1064,36
DA:1065,36
DA:1066,36
DA:1067,36
DA:1068,36
DA:1069,35
DA:1070,35
DA:1071,35
DA:1074,1
DA:1075,1
DA:1076,37
BRDA:1058,12,0,1
BRDA:1058,12,1,36
BRDA:1065,45,0,6
BRDA:1065,63,0,6
BRDA:1065,81,0,2
BRDA:1065,45,1,34
BRDA:1065,63,1,34
BRDA:1065,81,1,34
BRDA:1065,104,0,35
BRDA:1065,104,1,1
LF:532
LH:528
BRF:92
BRH:90
FNF:15
FNH:15
end_of_record
SF:C:\VSO\hydrix\src\Hydrix.Mapper\Attributes\MapConversionAttribute.cs
FN:18,Hydrix.Mapper.Primitives.StringTransforms Hydrix.Mapper.Attributes.MapConversionAttribute::get_StringTransform()
FNDA:64,Hydrix.Mapper.Primitives.StringTransforms Hydrix.Mapper.Attributes.MapConversionAttribute::get_StringTransform()
DA:19,64
FN:24,System.Boolean Hydrix.Mapper.Attributes.MapConversionAttribute::get_OverrideStringTransform()
FNDA:28,System.Boolean Hydrix.Mapper.Attributes.MapConversionAttribute::get_OverrideStringTransform()
DA:25,28
FN:29,Hydrix.Mapper.Primitives.GuidFormat Hydrix.Mapper.Attributes.MapConversionAttribute::get_GuidFormat()
FNDA:52,Hydrix.Mapper.Primitives.GuidFormat Hydrix.Mapper.Attributes.MapConversionAttribute::get_GuidFormat()
DA:30,52
FN:34,System.Boolean Hydrix.Mapper.Attributes.MapConversionAttribute::get_OverrideGuid()
FNDA:25,System.Boolean Hydrix.Mapper.Attributes.MapConversionAttribute::get_OverrideGuid()
DA:35,25
FN:39,Hydrix.Mapper.Primitives.GuidCase Hydrix.Mapper.Attributes.MapConversionAttribute::get_GuidCase()
FNDA:49,Hydrix.Mapper.Primitives.GuidCase Hydrix.Mapper.Attributes.MapConversionAttribute::get_GuidCase()
DA:40,49
FN:45,Hydrix.Mapper.Primitives.NumericRounding Hydrix.Mapper.Attributes.MapConversionAttribute::get_NumericRounding()
FNDA:63,Hydrix.Mapper.Primitives.NumericRounding Hydrix.Mapper.Attributes.MapConversionAttribute::get_NumericRounding()
DA:46,63
FN:50,Hydrix.Mapper.Primitives.NumericOverflow Hydrix.Mapper.Attributes.MapConversionAttribute::get_NumericOverflow()
FNDA:63,Hydrix.Mapper.Primitives.NumericOverflow Hydrix.Mapper.Attributes.MapConversionAttribute::get_NumericOverflow()
DA:51,63
FN:55,System.Boolean Hydrix.Mapper.Attributes.MapConversionAttribute::get_OverrideNumeric()
FNDA:50,System.Boolean Hydrix.Mapper.Attributes.MapConversionAttribute::get_OverrideNumeric()
DA:56,50
FN:60,System.String Hydrix.Mapper.Attributes.MapConversionAttribute::get_DateFormat()
FNDA:16,System.String Hydrix.Mapper.Attributes.MapConversionAttribute::get_DateFormat()
DA:61,16
FN:65,Hydrix.Mapper.Primitives.DateTimeZone Hydrix.Mapper.Attributes.MapConversionAttribute::get_DateTimeZone()
FNDA:51,Hydrix.Mapper.Primitives.DateTimeZone Hydrix.Mapper.Attributes.MapConversionAttribute::get_DateTimeZone()
DA:66,51
FN:70,System.String Hydrix.Mapper.Attributes.MapConversionAttribute::get_Culture()
FNDA:14,System.String Hydrix.Mapper.Attributes.MapConversionAttribute::get_Culture()
DA:71,14
FN:75,System.Boolean Hydrix.Mapper.Attributes.MapConversionAttribute::get_OverrideDateTime()
FNDA:20,System.Boolean Hydrix.Mapper.Attributes.MapConversionAttribute::get_OverrideDateTime()
DA:76,20
FN:80,Hydrix.Mapper.Primitives.BoolStringFormat Hydrix.Mapper.Attributes.MapConversionAttribute::get_BoolFormat()
FNDA:49,Hydrix.Mapper.Primitives.BoolStringFormat Hydrix.Mapper.Attributes.MapConversionAttribute::get_BoolFormat()
DA:81,49
FN:86,System.String Hydrix.Mapper.Attributes.MapConversionAttribute::get_TrueValue()
FNDA:9,System.String Hydrix.Mapper.Attributes.MapConversionAttribute::get_TrueValue()
DA:87,9
FN:92,System.String Hydrix.Mapper.Attributes.MapConversionAttribute::get_FalseValue()
FNDA:9,System.String Hydrix.Mapper.Attributes.MapConversionAttribute::get_FalseValue()
DA:93,9
FN:97,System.Boolean Hydrix.Mapper.Attributes.MapConversionAttribute::get_OverrideBool()
FNDA:12,System.Boolean Hydrix.Mapper.Attributes.MapConversionAttribute::get_OverrideBool()
DA:98,12
LF:16
LH:16
BRF:0
BRH:0
FNF:16
FNH:16
end_of_record
SF:C:\VSO\hydrix\src\Hydrix.Mapper\Attributes\MapFromAttribute.cs
FN:20,System.Type Hydrix.Mapper.Attributes.MapFromAttribute::get_SourceType()
FNDA:24,System.Type Hydrix.Mapper.Attributes.MapFromAttribute::get_SourceType()
DA:21,24
FN:27,System.Void Hydrix.Mapper.Attributes.MapFromAttribute::.ctor(System.Type)
FNDA:25,System.Void Hydrix.Mapper.Attributes.MapFromAttribute::.ctor(System.Type)
DA:28,25
DA:29,25
DA:30,25
DA:31,25
DA:32,24
BRDA:30,11,0,1
BRDA:30,11,1,24
LF:6
LH:6
BRF:2
BRH:2
FNF:2
FNH:2
end_of_record